<?xml version="1.0" encoding="UTF-8"?>
<testsuite name="com.tradeco.hola.TestHolaGradle" tests="1" skipped="0" failures="0" errors="0" timestamp="2017-10-23T18:27:25" hostname="EOROPEZA" time="0.002">
  <properties/>
  <testcase name="testHolaGradle" classname="com.tradeco.hola.TestHolaGradle" time="0.002"/>
  <system-out><![CDATA[]]></system-out>
  <system-err><![CDATA[]]></system-err>
</testsuite>
